-------------------------------------------------------------------------------
Test set: com.HelloWay.HelloWay.HelloWayTests
-------------------------------------------------------------------------------
Tests run: 1, Failures: 0, Errors: 1, Skipped: 0, Time elapsed: 4.075 s <<< FAILURE! - in com.HelloWay.HelloWay.HelloWayTests
contextLoads  Time elapsed: 0.001 s  <<< ERROR!
java.lang.IllegalStateException: Failed to load ApplicationContext
Caused by: org.springframework.beans.factory.UnsatisfiedDependencyException: Error creating bean with name 'primaryMaterialController' defined in file [C:\Users\alaed\Downloads\FPA_SEC\target\classes\com\HelloWay\HelloWay\controllers\PrimaryMaterialController.class]: Unsatisfied dependency expressed through constructor parameter 0; nested exception is org.springframework.beans.factory.UnsatisfiedDependencyException: Error creating bean with name 'primaryMaterialService' defined in file [C:\Users\alaed\Downloads\FPA_SEC\target\classes\com\HelloWay\HelloWay\services\PrimaryMaterialService.class]: Unsatisfied dependency expressed through constructor parameter 0; nested exception is org.springframework.beans.factory.BeanCreationException: Error creating bean with name 'primaryMaterialRepository' defined in com.HelloWay.HelloWay.repos.PrimaryMaterialRepository defined in @EnableJpaRepositories declared on JpaRepositoriesRegistrar.EnableJpaRepositoriesConfiguration: Invocation of init method failed; nested exception is org.springframework.data.repository.query.QueryCreationException: Could not create query for public abstract java.util.List com.HelloWay.HelloWay.repos.PrimaryMaterialRepository.findBySpaceIdAndName(java.lang.Long,java.lang.String); Reason: Failed to create query for method public abstract java.util.List com.HelloWay.HelloWay.repos.PrimaryMaterialRepository.findBySpaceIdAndName(java.lang.Long,java.lang.String)! No property 'id' found for type 'Space' Traversed path: PrimaryMaterial.space.; nested exception is java.lang.IllegalArgumentException: Failed to create query for method public abstract java.util.List com.HelloWay.HelloWay.repos.PrimaryMaterialRepository.findBySpaceIdAndName(java.lang.Long,java.lang.String)! No property 'id' found for type 'Space' Traversed path: PrimaryMaterial.space.
Caused by: org.springframework.beans.factory.UnsatisfiedDependencyException: Error creating bean with name 'primaryMaterialService' defined in file [C:\Users\alaed\Downloads\FPA_SEC\target\classes\com\HelloWay\HelloWay\services\PrimaryMaterialService.class]: Unsatisfied dependency expressed through constructor parameter 0; nested exception is org.springframework.beans.factory.BeanCreationException: Error creating bean with name 'primaryMaterialRepository' defined in com.HelloWay.HelloWay.repos.PrimaryMaterialRepository defined in @EnableJpaRepositories declared on JpaRepositoriesRegistrar.EnableJpaRepositoriesConfiguration: Invocation of init method failed; nested exception is org.springframework.data.repository.query.QueryCreationException: Could not create query for public abstract java.util.List com.HelloWay.HelloWay.repos.PrimaryMaterialRepository.findBySpaceIdAndName(java.lang.Long,java.lang.String); Reason: Failed to create query for method public abstract java.util.List com.HelloWay.HelloWay.repos.PrimaryMaterialRepository.findBySpaceIdAndName(java.lang.Long,java.lang.String)! No property 'id' found for type 'Space' Traversed path: PrimaryMaterial.space.; nested exception is java.lang.IllegalArgumentException: Failed to create query for method public abstract java.util.List com.HelloWay.HelloWay.repos.PrimaryMaterialRepository.findBySpaceIdAndName(java.lang.Long,java.lang.String)! No property 'id' found for type 'Space' Traversed path: PrimaryMaterial.space.
Caused by: org.springframework.beans.factory.BeanCreationException: Error creating bean with name 'primaryMaterialRepository' defined in com.HelloWay.HelloWay.repos.PrimaryMaterialRepository defined in @EnableJpaRepositories declared on JpaRepositoriesRegistrar.EnableJpaRepositoriesConfiguration: Invocation of init method failed; nested exception is org.springframework.data.repository.query.QueryCreationException: Could not create query for public abstract java.util.List com.HelloWay.HelloWay.repos.PrimaryMaterialRepository.findBySpaceIdAndName(java.lang.Long,java.lang.String); Reason: Failed to create query for method public abstract java.util.List com.HelloWay.HelloWay.repos.PrimaryMaterialRepository.findBySpaceIdAndName(java.lang.Long,java.lang.String)! No property 'id' found for type 'Space' Traversed path: PrimaryMaterial.space.; nested exception is java.lang.IllegalArgumentException: Failed to create query for method public abstract java.util.List com.HelloWay.HelloWay.repos.PrimaryMaterialRepository.findBySpaceIdAndName(java.lang.Long,java.lang.String)! No property 'id' found for type 'Space' Traversed path: PrimaryMaterial.space.
Caused by: org.springframework.data.repository.query.QueryCreationException: Could not create query for public abstract java.util.List com.HelloWay.HelloWay.repos.PrimaryMaterialRepository.findBySpaceIdAndName(java.lang.Long,java.lang.String); Reason: Failed to create query for method public abstract java.util.List com.HelloWay.HelloWay.repos.PrimaryMaterialRepository.findBySpaceIdAndName(java.lang.Long,java.lang.String)! No property 'id' found for type 'Space' Traversed path: PrimaryMaterial.space.; nested exception is java.lang.IllegalArgumentException: Failed to create query for method public abstract java.util.List com.HelloWay.HelloWay.repos.PrimaryMaterialRepository.findBySpaceIdAndName(java.lang.Long,java.lang.String)! No property 'id' found for type 'Space' Traversed path: PrimaryMaterial.space.
Caused by: java.lang.IllegalArgumentException: Failed to create query for method public abstract java.util.List com.HelloWay.HelloWay.repos.PrimaryMaterialRepository.findBySpaceIdAndName(java.lang.Long,java.lang.String)! No property 'id' found for type 'Space' Traversed path: PrimaryMaterial.space.
Caused by: org.springframework.data.mapping.PropertyReferenceException: No property 'id' found for type 'Space' Traversed path: PrimaryMaterial.space.

